# JRE version: OpenJDK Runtime Environment Temurin-21.0.12.1+1 (21.0.12.1+1) (build 21.0.12.1+1-LTS)
# Java VM: OpenJDK 64-Bit Server VM Temurin-21.0.12.1+1 (21.0.12.1+1-LTS, mixed mode, sharing, tiered, compressed oops, compressed class ptrs, g1 gc, windows-amd64)
GC Precious Log:
 CardTable entry size: 512
 Card Set container configuration: InlinePtr #cards 5 size 8 Array Of Cards #cards 12 size 40 Howl #buckets 4 coarsen threshold 1843 Howl Bitmap #cards 512 size 80 coarsen threshold 460 Card regions per heap region 1 cards per card region 2048
 CPUs: 12 total, 12 available
 Memory: 32452M
 Large Page Support: Disabled
 NUMA Support: Disabled
 Compressed Oops: Enabled (32-bit)
 Heap Region Size: 1M
 Heap Min Capacity: 256M
 Heap Initial Capacity: 256M
 Heap Max Capacity: 512M
 Pre-touch: Disabled
 Parallel Workers: 10
 Concurrent Workers: 3
 Concurrent Refinement Workers: 10
 Periodic GC: Disabled
Heap:
 garbage-first heap   total 262144K, used 142910K [0x00000000e0000000, 0x0000000100000000)
  region size 1024K, 119 young (121856K), 16 survivors (16384K)
 Metaspace       used 50458K, committed 52032K, reserved 393216K
  class space    used 7215K, committed 8000K, reserved 327680K
GC Heap History (16 events):
Event: 23.164 GC heap before
{Heap before GC invocations=0 (full 0):
 garbage-first heap   total 262144K, used 26624K [0x00000000e0000000, 0x0000000100000000)
  region size 1024K, 23 young (23552K), 0 survivors (0K)
 Metaspace       used 1126K, committed 1216K, reserved 393216K
  class space    used 82K, committed 128K, reserved 327680K
}
Event: 23.574 GC heap after
{Heap after GC invocations=1 (full 0):
 garbage-first heap   total 262144K, used 10639K [0x00000000e0000000, 0x0000000100000000)
  region size 1024K, 3 young (3072K), 3 survivors (3072K)
 Metaspace       used 1126K, committed 1216K, reserved 393216K
  class space    used 82K, committed 128K, reserved 327680K
}
Event: 57.868 GC heap before
{Heap before GC invocations=1 (full 0):
 garbage-first heap   total 262144K, used 41359K [0x00000000e0000000, 0x0000000100000000)
  region size 1024K, 33 young (33792K), 3 survivors (3072K)
 Metaspace       used 4271K, committed 4480K, reserved 393216K
  class space    used 544K, committed 640K, reserved 327680K
}
Event: 57.876 GC heap after
{Heap after GC invocations=2 (full 0):
 garbage-first heap   total 262144K, used 12163K [0x00000000e0000000, 0x0000000100000000)
  region size 1024K, 2 young (2048K), 2 survivors (2048K)
 Metaspace       used 4271K, committed 4480K, reserved 393216K
  class space    used 544K, committed 640K, reserved 327680K
}
Event: 409.573 GC heap before
{Heap before GC invocations=2 (full 0):
 garbage-first heap   total 262144K, used 148355K [0x00000000e0000000, 0x0000000100000000)
  region size 1024K, 133 young (136192K), 2 survivors (2048K)
 Metaspace       used 16455K, committed 16960K, reserved 393216K
  class space    used 2207K, committed 2432K, reserved 327680K
}
Event: 409.752 GC heap after
{Heap after GC invocations=3 (full 0):
 garbage-first heap   total 262144K, used 22524K [0x00000000e0000000, 0x0000000100000000)
  region size 1024K, 11 young (11264K), 11 survivors (11264K)
 Metaspace       used 16455K, committed 16960K, reserved 393216K
  class space    used 2207K, committed 2432K, reserved 327680K
}
Event: 424.811 GC heap before
{Heap before GC invocations=3 (full 0):
 garbage-first heap   total 262144K, used 56316K [0x00000000e0000000, 0x0000000100000000)
  region size 1024K, 46 young (47104K), 11 survivors (11264K)
 Metaspace       used 20886K, committed 21504K, reserved 393216K
  class space    used 2966K, committed 3264K, reserved 327680K
}
Event: 424.822 GC heap after
{Heap after GC invocations=4 (full 0):
 garbage-first heap   total 262144K, used 24890K [0x00000000e0000000, 0x0000000100000000)
  region size 1024K, 12 young (12288K), 12 survivors (12288K)
 Metaspace       used 20886K, committed 21504K, reserved 393216K
  class space    used 2966K, committed 3264K, reserved 327680K
}
Event: 593.648 GC heap before
{Heap before GC invocations=5 (full 0):
 garbage-first heap   total 262144K, used 139578K [0x00000000e0000000, 0x0000000100000000)
  region size 1024K, 125 young (128000K), 12 survivors (12288K)
 Metaspace       used 34709K, committed 35968K, reserved 393216K
  class space    used 5078K, committed 5696K, reserved 327680K
}
Event: 593.691 GC heap after
{Heap after GC invocations=6 (full 0):
 garbage-first heap   total 262144K, used 31141K [0x00000000e0000000, 0x0000000100000000)
  region size 1024K, 9 young (9216K), 9 survivors (9216K)
 Metaspace       used 34709K, committed 35968K, reserved 393216K
  class space    used 5078K, committed 5696K, reserved 327680K
}
Event: 595.968 GC heap before
{Heap before GC invocations=6 (full 0):
 garbage-first heap   total 262144K, used 33189K [0x00000000e0000000, 0x0000000100000000)
  region size 1024K, 12 young (12288K), 9 survivors (9216K)
 Metaspace       used 35101K, committed 36288K, reserved 393216K
  class space    used 5114K, committed 5696K, reserved 327680K
}
Event: 595.983 GC heap after
{Heap after GC invocations=7 (full 0):
 garbage-first heap   total 262144K, used 31642K [0x00000000e0000000, 0x0000000100000000)
  region size 1024K, 9 young (9216K), 9 survivors (9216K)
 Metaspace       used 35101K, committed 36288K, reserved 393216K
  class space    used 5114K, committed 5696K, reserved 327680K
}
Event: 597.377 GC heap before
{Heap before GC invocations=7 (full 0):
 garbage-first heap   total 262144K, used 32666K [0x00000000e0000000, 0x0000000100000000)
  region size 1024K, 11 young (11264K), 9 survivors (9216K)
 Metaspace       used 35377K, committed 36608K, reserved 393216K
  class space    used 5155K, committed 5760K, reserved 327680K
}
Event: 597.399 GC heap after
{Heap after GC invocations=8 (full 0):
 garbage-first heap   total 262144K, used 31846K [0x00000000e0000000, 0x0000000100000000)
  region size 1024K, 9 young (9216K), 9 survivors (9216K)
 Metaspace       used 35377K, committed 36608K, reserved 393216K
  class space    used 5155K, committed 5760K, reserved 327680K
}
Event: 779.976 GC heap before
{Heap before GC invocations=9 (full 0):
 garbage-first heap   total 262144K, used 185446K [0x00000000e0000000, 0x0000000100000000)
  region size 1024K, 153 young (156672K), 9 survivors (9216K)
 Metaspace       used 47086K, committed 48512K, reserved 393216K
  class space    used 6644K, committed 7360K, reserved 327680K
}
Event: 780.004 GC heap after
{Heap after GC invocations=10 (full 0):
 garbage-first heap   total 262144K, used 38462K [0x00000000e0000000, 0x0000000100000000)
  region size 1024K, 16 young (16384K), 16 survivors (16384K)
 Metaspace       used 47086K, committed 48512K, reserved 393216K
  class space    used 6644K, committed 7360K, reserved 327680K
}

